# JRE version: OpenJDK Runtime Environment (11.0.12+7) (build 11.0.12+7-b1504.28-7817840)
# Java VM: OpenJDK 64-Bit Server VM (11.0.12+7-b1504.28-7817840, mixed mode, tiered, compressed oops, g1 gc, windows-amd64)
Heap:
 garbage-first heap   total 227328K, used 158378K [0x0000000080000000, 0x0000000100000000)
  region size 1024K, 60 young (61440K), 9 survivors (9216K)
 Metaspace       used 109500K, capacity 112035K, committed 112264K, reserved 1146880K
  class space    used 13770K, capacity 14766K, committed 14800K, reserved 1048576K
GC Heap History (20 events):
Event: 24.066 GC heap before
{Heap before GC invocations=29 (full 0):
 garbage-first heap   total 189440K, used 156864K [0x0000000080000000, 0x0000000100000000)
  region size 1024K, 36 young (36864K), 5 survivors (5120K)
 Metaspace       used 92863K, capacity 95070K, committed 96264K, reserved 1132544K
  class space    used 11932K, capacity 12771K, committed 13136K, reserved 1048576K
}
Event: 24.081 GC heap after
{Heap after GC invocations=30 (full 0):
 garbage-first heap   total 189440K, used 115810K [0x0000000080000000, 0x0000000100000000)
  region size 1024K, 5 young (5120K), 5 survivors (5120K)
 Metaspace       used 92863K, capacity 95070K, committed 96264K, reserved 1132544K
  class space    used 11932K, capacity 12771K, committed 13136K, reserved 1048576K
}
Event: 24.511 GC heap before
{Heap before GC invocations=30 (full 0):
 garbage-first heap   total 189440K, used 145506K [0x0000000080000000, 0x0000000100000000)
  region size 1024K, 35 young (35840K), 5 survivors (5120K)
 Metaspace       used 95834K, capacity 98073K, committed 99336K, reserved 1134592K
  class space    used 12162K, capacity 12995K, committed 13392K, reserved 1048576K
}
Event: 24.521 GC heap after
{Heap after GC invocations=31 (full 0):
 garbage-first heap   total 227328K, used 119298K [0x0000000080000000, 0x0000000100000000)
  region size 1024K, 4 young (4096K), 4 survivors (4096K)
 Metaspace       used 95834K, capacity 98073K, committed 99336K, reserved 1134592K
  class space    used 12162K, capacity 12995K, committed 13392K, reserved 1048576K
}
Event: 25.056 GC heap before
{Heap before GC invocations=32 (full 0):
 garbage-first heap   total 227328K, used 148994K [0x0000000080000000, 0x0000000100000000)
  region size 1024K, 46 young (47104K), 4 survivors (4096K)
 Metaspace       used 96855K, capacity 99004K, committed 100104K, reserved 1136640K
  class space    used 12216K, capacity 13028K, committed 13392K, reserved 1048576K
}
Event: 25.063 GC heap after
{Heap after GC invocations=33 (full 0):
 garbage-first heap   total 227328K, used 108663K [0x0000000080000000, 0x0000000100000000)
  region size 1024K, 3 young (3072K), 3 survivors (3072K)
 Metaspace       used 96855K, capacity 99004K, committed 100104K, reserved 1136640K
  class space    used 12216K, capacity 13028K, committed 13392K, reserved 1048576K
}
Event: 25.108 GC heap before
{Heap before GC invocations=33 (full 0):
 garbage-first heap   total 227328K, used 116855K [0x0000000080000000, 0x0000000100000000)
  region size 1024K, 11 young (11264K), 3 survivors (3072K)
 Metaspace       used 96931K, capacity 99068K, committed 100104K, reserved 1136640K
  class space    used 12219K, capacity 13028K, committed 13392K, reserved 1048576K
}
Event: 25.116 GC heap after
{Heap after GC invocations=34 (full 0):
 garbage-first heap   total 227328K, used 100009K [0x0000000080000000, 0x0000000100000000)
  region size 1024K, 2 young (2048K), 2 survivors (2048K)
 Metaspace       used 96931K, capacity 99068K, committed 100104K, reserved 1136640K
  class space    used 12219K, capacity 13028K, committed 13392K, reserved 1048576K
}
Event: 25.973 GC heap before
{Heap before GC invocations=34 (full 0):
 garbage-first heap   total 227328K, used 154281K [0x0000000080000000, 0x0000000100000000)
  region size 1024K, 54 young (55296K), 2 survivors (2048K)
 Metaspace       used 98256K, capacity 100407K, committed 101512K, reserved 1136640K
  class space    used 12337K, capacity 13167K, committed 13520K, reserved 1048576K
}
Event: 25.982 GC heap after
{Heap after GC invocations=35 (full 0):
 garbage-first heap   total 227328K, used 104894K [0x0000000080000000, 0x0000000100000000)
  region size 1024K, 7 young (7168K), 7 survivors (7168K)
 Metaspace       used 98256K, capacity 100407K, committed 101512K, reserved 1136640K
  class space    used 12337K, capacity 13167K, committed 13520K, reserved 1048576K
}
Event: 27.028 GC heap before
{Heap before GC invocations=35 (full 0):
 garbage-first heap   total 227328K, used 158142K [0x0000000080000000, 0x0000000100000000)
  region size 1024K, 60 young (61440K), 7 survivors (7168K)
 Metaspace       used 100233K, capacity 102385K, committed 103560K, reserved 1138688K
  class space    used 12542K, capacity 13345K, committed 13776K, reserved 1048576K
}
Event: 27.040 GC heap after
{Heap after GC invocations=36 (full 0):
 garbage-first heap   total 227328K, used 110119K [0x0000000080000000, 0x0000000100000000)
  region size 1024K, 6 young (6144K), 6 survivors (6144K)
 Metaspace       used 100233K, capacity 102385K, committed 103560K, reserved 1138688K
  class space    used 12542K, capacity 13345K, committed 13776K, reserved 1048576K
}
Event: 27.767 GC heap before
{Heap before GC invocations=36 (full 0):
 garbage-first heap   total 227328K, used 163367K [0x0000000080000000, 0x0000000100000000)
  region size 1024K, 59 young (60416K), 6 survivors (6144K)
 Metaspace       used 103736K, capacity 105974K, committed 107016K, reserved 1142784K
  class space    used 13000K, capacity 13836K, committed 14160K, reserved 1048576K
}
Event: 27.778 GC heap after
{Heap after GC invocations=37 (full 0):
 garbage-first heap   total 227328K, used 110962K [0x0000000080000000, 0x0000000100000000)
  region size 1024K, 1 young (1024K), 1 survivors (1024K)
 Metaspace       used 103736K, capacity 105974K, committed 107016K, reserved 1142784K
  class space    used 13000K, capacity 13836K, committed 14160K, reserved 1048576K
}
Event: 28.986 GC heap before
{Heap before GC invocations=38 (full 0):
 garbage-first heap   total 227328K, used 162162K [0x0000000080000000, 0x0000000100000000)
  region size 1024K, 58 young (59392K), 1 survivors (1024K)
 Metaspace       used 104781K, capacity 107001K, committed 107912K, reserved 1142784K
  class space    used 13076K, capacity 13917K, committed 14288K, reserved 1048576K
}
Event: 28.995 GC heap after
{Heap after GC invocations=39 (full 0):
 garbage-first heap   total 227328K, used 107808K [0x0000000080000000, 0x0000000100000000)
  region size 1024K, 4 young (4096K), 4 survivors (4096K)
 Metaspace       used 104781K, capacity 107001K, committed 107912K, reserved 1142784K
  class space    used 13076K, capacity 13917K, committed 14288K, reserved 1048576K
}
Event: 29.265 GC heap before
{Heap before GC invocations=39 (full 0):
 garbage-first heap   total 227328K, used 113952K [0x0000000080000000, 0x0000000100000000)
  region size 1024K, 11 young (11264K), 4 survivors (4096K)
 Metaspace       used 104796K, capacity 107066K, committed 107912K, reserved 1142784K
  class space    used 13076K, capacity 13917K, committed 14288K, reserved 1048576K
}
Event: 29.273 GC heap after
{Heap after GC invocations=40 (full 0):
 garbage-first heap   total 227328K, used 98331K [0x0000000080000000, 0x0000000100000000)
  region size 1024K, 1 young (1024K), 1 survivors (1024K)
 Metaspace       used 104796K, capacity 107066K, committed 107912K, reserved 1142784K
  class space    used 13076K, capacity 13917K, committed 14288K, reserved 1048576K
}
Event: 29.889 GC heap before
{Heap before GC invocations=40 (full 0):
 garbage-first heap   total 227328K, used 162843K [0x0000000080000000, 0x0000000100000000)
  region size 1024K, 65 young (66560K), 1 survivors (1024K)
 Metaspace       used 106129K, capacity 108396K, committed 109064K, reserved 1144832K
  class space    used 13246K, capacity 14124K, committed 14416K, reserved 1048576K
}
Event: 29.896 GC heap after
{Heap after GC invocations=41 (full 0):
 garbage-first heap   total 227328K, used 108202K [0x0000000080000000, 0x0000000100000000)
  region size 1024K, 9 young (9216K), 9 survivors (9216K)
 Metaspace       used 106129K, capacity 108396K, committed 109064K, reserved 1144832K
  class space    used 13246K, capacity 14124K, committed 14416K, reserved 1048576K
}

