# JRE version: OpenJDK Runtime Environment (11.0.12+7) (build 11.0.12+7-b1504.28-7817840)
# Java VM: OpenJDK 64-Bit Server VM (11.0.12+7-b1504.28-7817840, mixed mode, tiered, compressed oops, g1 gc, windows-amd64)
Heap:
 garbage-first heap   total 377856K, used 253412K [0x0000000080000000, 0x0000000100000000)
  region size 1024K, 111 young (113664K), 9 survivors (9216K)
 Metaspace       used 104788K, capacity 107504K, committed 108076K, reserved 1142784K
  class space    used 13683K, capacity 14745K, committed 14976K, reserved 1048576K
GC Heap History (20 events):
Event: 16.237 GC heap before
{Heap before GC invocations=24 (full 0):
 garbage-first heap   total 189440K, used 150673K [0x0000000080000000, 0x0000000100000000)
  region size 1024K, 58 young (59392K), 9 survivors (9216K)
 Metaspace       used 98040K, capacity 100742K, committed 100908K, reserved 1136640K
  class space    used 12863K, capacity 13924K, committed 13952K, reserved 1048576K
}
Event: 16.271 GC heap after
{Heap after GC invocations=25 (full 0):
 garbage-first heap   total 189440K, used 110093K [0x0000000080000000, 0x0000000100000000)
  region size 1024K, 8 young (8192K), 8 survivors (8192K)
 Metaspace       used 98040K, capacity 100742K, committed 100908K, reserved 1136640K
  class space    used 12863K, capacity 13924K, committed 13952K, reserved 1048576K
}
Event: 16.579 GC heap before
{Heap before GC invocations=26 (full 0):
 garbage-first heap   total 189440K, used 153101K [0x0000000080000000, 0x0000000100000000)
  region size 1024K, 50 young (51200K), 8 survivors (8192K)
 Metaspace       used 98439K, capacity 100865K, committed 101932K, reserved 1136640K
  class space    used 12874K, capacity 13844K, committed 14208K, reserved 1048576K
}
Event: 16.601 GC heap after
{Heap after GC invocations=27 (full 0):
 garbage-first heap   total 227328K, used 118428K [0x0000000080000000, 0x0000000100000000)
  region size 1024K, 7 young (7168K), 7 survivors (7168K)
 Metaspace       used 98439K, capacity 100865K, committed 101932K, reserved 1136640K
  class space    used 12874K, capacity 13844K, committed 14208K, reserved 1048576K
}
Event: 16.804 GC heap before
{Heap before GC invocations=27 (full 0):
 garbage-first heap   total 227328K, used 170652K [0x0000000080000000, 0x0000000100000000)
  region size 1024K, 59 young (60416K), 7 survivors (7168K)
 Metaspace       used 100417K, capacity 103084K, committed 103724K, reserved 1138688K
  class space    used 13203K, capacity 14256K, committed 14464K, reserved 1048576K
}
Event: 16.839 GC heap after
{Heap after GC invocations=28 (full 0):
 garbage-first heap   total 227328K, used 127842K [0x0000000080000000, 0x0000000100000000)
  region size 1024K, 8 young (8192K), 8 survivors (8192K)
 Metaspace       used 100417K, capacity 103084K, committed 103724K, reserved 1138688K
  class space    used 13203K, capacity 14256K, committed 14464K, reserved 1048576K
}
Event: 17.158 GC heap before
{Heap before GC invocations=28 (full 0):
 garbage-first heap   total 227328K, used 178018K [0x0000000080000000, 0x0000000100000000)
  region size 1024K, 57 young (58368K), 8 survivors (8192K)
 Metaspace       used 101539K, capacity 104013K, committed 104876K, reserved 1140736K
  class space    used 13312K, capacity 14292K, committed 14592K, reserved 1048576K
}
Event: 17.184 GC heap after
{Heap after GC invocations=29 (full 0):
 garbage-first heap   total 227328K, used 135555K [0x0000000080000000, 0x0000000100000000)
  region size 1024K, 8 young (8192K), 8 survivors (8192K)
 Metaspace       used 101539K, capacity 104013K, committed 104876K, reserved 1140736K
  class space    used 13312K, capacity 14292K, committed 14592K, reserved 1048576K
}
Event: 17.378 GC heap before
{Heap before GC invocations=30 (full 0):
 garbage-first heap   total 227328K, used 181635K [0x0000000080000000, 0x0000000100000000)
  region size 1024K, 53 young (54272K), 8 survivors (8192K)
 Metaspace       used 102588K, capacity 105187K, committed 105772K, reserved 1140736K
  class space    used 13461K, capacity 14469K, committed 14720K, reserved 1048576K
}
Event: 17.395 GC heap after
{Heap after GC invocations=31 (full 0):
 garbage-first heap   total 227328K, used 141147K [0x0000000080000000, 0x0000000100000000)
  region size 1024K, 6 young (6144K), 6 survivors (6144K)
 Metaspace       used 102588K, capacity 105187K, committed 105772K, reserved 1140736K
  class space    used 13461K, capacity 14469K, committed 14720K, reserved 1048576K
}
Event: 17.407 GC heap before
{Heap before GC invocations=31 (full 0):
 garbage-first heap   total 227328K, used 146267K [0x0000000080000000, 0x0000000100000000)
  region size 1024K, 11 young (11264K), 6 survivors (6144K)
 Metaspace       used 102696K, capacity 105280K, committed 106028K, reserved 1140736K
  class space    used 13476K, capacity 14479K, committed 14720K, reserved 1048576K
}
Event: 17.423 GC heap after
{Heap after GC invocations=32 (full 0):
 garbage-first heap   total 314368K, used 141624K [0x0000000080000000, 0x0000000100000000)
  region size 1024K, 2 young (2048K), 2 survivors (2048K)
 Metaspace       used 102696K, capacity 105280K, committed 106028K, reserved 1140736K
  class space    used 13476K, capacity 14479K, committed 14720K, reserved 1048576K
}
Event: 17.847 GC heap before
{Heap before GC invocations=32 (full 0):
 garbage-first heap   total 314368K, used 220472K [0x0000000080000000, 0x0000000100000000)
  region size 1024K, 79 young (80896K), 2 survivors (2048K)
 Metaspace       used 104119K, capacity 106920K, committed 107180K, reserved 1142784K
  class space    used 13671K, capacity 14765K, committed 14848K, reserved 1048576K
}
Event: 17.860 GC heap after
{Heap after GC invocations=33 (full 0):
 garbage-first heap   total 314368K, used 145943K [0x0000000080000000, 0x0000000100000000)
  region size 1024K, 6 young (6144K), 6 survivors (6144K)
 Metaspace       used 104119K, capacity 106920K, committed 107180K, reserved 1142784K
  class space    used 13671K, capacity 14765K, committed 14848K, reserved 1048576K
}
Event: 18.218 GC heap before
{Heap before GC invocations=33 (full 0):
 garbage-first heap   total 314368K, used 226839K [0x0000000080000000, 0x0000000100000000)
  region size 1024K, 86 young (88064K), 6 survivors (6144K)
 Metaspace       used 104481K, capacity 107288K, committed 107436K, reserved 1142784K
  class space    used 13722K, capacity 14843K, committed 14848K, reserved 1048576K
}
Event: 18.226 GC heap after
{Heap after GC invocations=34 (full 0):
 garbage-first heap   total 314368K, used 146769K [0x0000000080000000, 0x0000000100000000)
  region size 1024K, 7 young (7168K), 7 survivors (7168K)
 Metaspace       used 104481K, capacity 107288K, committed 107436K, reserved 1142784K
  class space    used 13722K, capacity 14843K, committed 14848K, reserved 1048576K
}
Event: 18.543 GC heap before
{Heap before GC invocations=34 (full 0):
 garbage-first heap   total 314368K, used 232785K [0x0000000080000000, 0x0000000100000000)
  region size 1024K, 92 young (94208K), 7 survivors (7168K)
 Metaspace       used 104686K, capacity 107488K, committed 107692K, reserved 1142784K
  class space    used 13734K, capacity 14844K, committed 14848K, reserved 1048576K
}
Event: 18.558 GC heap after
{Heap after GC invocations=35 (full 0):
 garbage-first heap   total 314368K, used 146612K [0x0000000080000000, 0x0000000100000000)
  region size 1024K, 7 young (7168K), 7 survivors (7168K)
 Metaspace       used 104686K, capacity 107488K, committed 107692K, reserved 1142784K
  class space    used 13734K, capacity 14844K, committed 14848K, reserved 1048576K
}
Event: 18.760 GC heap before
{Heap before GC invocations=35 (full 0):
 garbage-first heap   total 314368K, used 196788K [0x0000000080000000, 0x0000000100000000)
  region size 1024K, 57 young (58368K), 7 survivors (7168K)
 Metaspace       used 104698K, capacity 107496K, committed 107692K, reserved 1142784K
  class space    used 13736K, capacity 14846K, committed 14848K, reserved 1048576K
}
Event: 18.777 GC heap after
{Heap after GC invocations=36 (full 0):
 garbage-first heap   total 377856K, used 149988K [0x0000000080000000, 0x0000000100000000)
  region size 1024K, 9 young (9216K), 9 survivors (9216K)
 Metaspace       used 104698K, capacity 107496K, committed 107692K, reserved 1142784K
  class space    used 13736K, capacity 14846K, committed 14848K, reserved 1048576K
}

