# JRE version: OpenJDK Runtime Environment (11.0.12+7) (build 11.0.12+7-b1504.28-7817840)
# Java VM: OpenJDK 64-Bit Server VM (11.0.12+7-b1504.28-7817840, mixed mode, tiered, compressed oops, g1 gc, windows-amd64)
Heap:
 garbage-first heap   total 189440K, used 78317K [0x0000000080000000, 0x0000000100000000)
  region size 1024K, 7 young (7168K), 7 survivors (7168K)
 Metaspace       used 86180K, capacity 88522K, committed 88696K, reserved 1126400K
  class space    used 11337K, capacity 12218K, committed 12236K, reserved 1048576K
GC Heap History (20 events):
Event: 8.900 GC heap after
{Heap after GC invocations=10 (full 0):
 garbage-first heap   total 157696K, used 31641K [0x0000000080000000, 0x0000000100000000)
  region size 1024K, 6 young (6144K), 6 survivors (6144K)
 Metaspace       used 48317K, capacity 49487K, committed 49664K, reserved 1091584K
  class space    used 6191K, capacity 6619K, committed 6656K, reserved 1048576K
}
Event: 10.154 GC heap before
{Heap before GC invocations=10 (full 0):
 garbage-first heap   total 157696K, used 114585K [0x0000000080000000, 0x0000000100000000)
  region size 1024K, 79 young (80896K), 6 survivors (6144K)
 Metaspace       used 56659K, capacity 57995K, committed 58240K, reserved 1099776K
  class space    used 7219K, capacity 7733K, committed 7808K, reserved 1048576K
}
Event: 10.165 GC heap after
{Heap after GC invocations=11 (full 0):
 garbage-first heap   total 157696K, used 49602K [0x0000000080000000, 0x0000000100000000)
  region size 1024K, 10 young (10240K), 10 survivors (10240K)
 Metaspace       used 56659K, capacity 57995K, committed 58240K, reserved 1099776K
  class space    used 7219K, capacity 7733K, committed 7808K, reserved 1048576K
}
Event: 10.470 GC heap before
{Heap before GC invocations=11 (full 0):
 garbage-first heap   total 157696K, used 61890K [0x0000000080000000, 0x0000000100000000)
  region size 1024K, 23 young (23552K), 10 survivors (10240K)
 Metaspace       used 58415K, capacity 59840K, committed 59948K, reserved 1101824K
  class space    used 7456K, capacity 8025K, committed 8064K, reserved 1048576K
}
Event: 10.485 GC heap after
{Heap after GC invocations=12 (full 0):
 garbage-first heap   total 157696K, used 50620K [0x0000000080000000, 0x0000000100000000)
  region size 1024K, 1 young (1024K), 1 survivors (1024K)
 Metaspace       used 58415K, capacity 59840K, committed 59948K, reserved 1101824K
  class space    used 7456K, capacity 8025K, committed 8064K, reserved 1048576K
}
Event: 11.314 GC heap before
{Heap before GC invocations=13 (full 0):
 garbage-first heap   total 157696K, used 97724K [0x0000000080000000, 0x0000000100000000)
  region size 1024K, 47 young (48128K), 1 survivors (1024K)
 Metaspace       used 63224K, capacity 64672K, committed 64888K, reserved 1105920K
  class space    used 8040K, capacity 8585K, committed 8652K, reserved 1048576K
}
Event: 11.323 GC heap after
{Heap after GC invocations=14 (full 0):
 garbage-first heap   total 157696K, used 54411K [0x0000000080000000, 0x0000000100000000)
  region size 1024K, 5 young (5120K), 5 survivors (5120K)
 Metaspace       used 63224K, capacity 64672K, committed 64888K, reserved 1105920K
  class space    used 8040K, capacity 8585K, committed 8652K, reserved 1048576K
}
Event: 12.133 GC heap before
{Heap before GC invocations=15 (full 0):
 garbage-first heap   total 157696K, used 102539K [0x0000000080000000, 0x0000000100000000)
  region size 1024K, 52 young (53248K), 5 survivors (5120K)
 Metaspace       used 67447K, capacity 68968K, committed 69112K, reserved 1110016K
  class space    used 8590K, capacity 9175K, committed 9292K, reserved 1048576K
}
Event: 12.141 GC heap after
{Heap after GC invocations=16 (full 0):
 garbage-first heap   total 157696K, used 57074K [0x0000000080000000, 0x0000000100000000)
  region size 1024K, 3 young (3072K), 3 survivors (3072K)
 Metaspace       used 67447K, capacity 68968K, committed 69112K, reserved 1110016K
  class space    used 8590K, capacity 9175K, committed 9292K, reserved 1048576K
}
Event: 12.651 GC heap before
{Heap before GC invocations=16 (full 0):
 garbage-first heap   total 157696K, used 106226K [0x0000000080000000, 0x0000000100000000)
  region size 1024K, 51 young (52224K), 3 survivors (3072K)
 Metaspace       used 69256K, capacity 70768K, committed 71160K, reserved 1112064K
  class space    used 8826K, capacity 9411K, committed 9548K, reserved 1048576K
}
Event: 12.659 GC heap after
{Heap after GC invocations=17 (full 0):
 garbage-first heap   total 157696K, used 60849K [0x0000000080000000, 0x0000000100000000)
  region size 1024K, 7 young (7168K), 7 survivors (7168K)
 Metaspace       used 69256K, capacity 70768K, committed 71160K, reserved 1112064K
  class space    used 8826K, capacity 9411K, committed 9548K, reserved 1048576K
}
Event: 13.678 GC heap before
{Heap before GC invocations=17 (full 0):
 garbage-first heap   total 157696K, used 111025K [0x0000000080000000, 0x0000000100000000)
  region size 1024K, 56 young (57344K), 7 survivors (7168K)
 Metaspace       used 74748K, capacity 76408K, committed 76664K, reserved 1116160K
  class space    used 9723K, capacity 10385K, committed 10444K, reserved 1048576K
}
Event: 13.689 GC heap after
{Heap after GC invocations=18 (full 0):
 garbage-first heap   total 157696K, used 64279K [0x0000000080000000, 0x0000000100000000)
  region size 1024K, 4 young (4096K), 4 survivors (4096K)
 Metaspace       used 74748K, capacity 76408K, committed 76664K, reserved 1116160K
  class space    used 9723K, capacity 10385K, committed 10444K, reserved 1048576K
}
Event: 14.551 GC heap before
{Heap before GC invocations=18 (full 0):
 garbage-first heap   total 157696K, used 114455K [0x0000000080000000, 0x0000000100000000)
  region size 1024K, 53 young (54272K), 4 survivors (4096K)
 Metaspace       used 80124K, capacity 81869K, committed 82040K, reserved 1120256K
  class space    used 10490K, capacity 11157K, committed 11212K, reserved 1048576K
}
Event: 14.561 GC heap after
{Heap after GC invocations=19 (full 0):
 garbage-first heap   total 157696K, used 66813K [0x0000000080000000, 0x0000000100000000)
  region size 1024K, 6 young (6144K), 6 survivors (6144K)
 Metaspace       used 80124K, capacity 81869K, committed 82040K, reserved 1120256K
  class space    used 10490K, capacity 11157K, committed 11212K, reserved 1048576K
}
Event: 15.429 GC heap before
{Heap before GC invocations=19 (full 0):
 garbage-first heap   total 157696K, used 118013K [0x0000000080000000, 0x0000000100000000)
  region size 1024K, 56 young (57344K), 6 survivors (6144K)
 Metaspace       used 83989K, capacity 85953K, committed 86264K, reserved 1124352K
  class space    used 11038K, capacity 11788K, committed 11852K, reserved 1048576K
}
Event: 15.444 GC heap after
{Heap after GC invocations=20 (full 0):
 garbage-first heap   total 157696K, used 71022K [0x0000000080000000, 0x0000000100000000)
  region size 1024K, 7 young (7168K), 7 survivors (7168K)
 Metaspace       used 83989K, capacity 85953K, committed 86264K, reserved 1124352K
  class space    used 11038K, capacity 11788K, committed 11852K, reserved 1048576K
}
Event: 16.015 GC heap before
{Heap before GC invocations=20 (full 0):
 garbage-first heap   total 157696K, used 120174K [0x0000000080000000, 0x0000000100000000)
  region size 1024K, 56 young (57344K), 7 survivors (7168K)
 Metaspace       used 85557K, capacity 87832K, committed 87928K, reserved 1124352K
  class space    used 11288K, capacity 12193K, committed 12236K, reserved 1048576K
}
Event: 16.028 GC heap after
{Heap after GC invocations=21 (full 0):
 garbage-first heap   total 157696K, used 75041K [0x0000000080000000, 0x0000000100000000)
  region size 1024K, 4 young (4096K), 4 survivors (4096K)
 Metaspace       used 85557K, capacity 87832K, committed 87928K, reserved 1124352K
  class space    used 11288K, capacity 12193K, committed 12236K, reserved 1048576K
}
Event: 16.580 GC heap before
{Heap before GC invocations=21 (full 0):
 garbage-first heap   total 157696K, used 123169K [0x0000000080000000, 0x0000000100000000)
  region size 1024K, 52 young (53248K), 4 survivors (4096K)
 Metaspace       used 86180K, capacity 88522K, committed 88696K, reserved 1126400K
  class space    used 11337K, capacity 12218K, committed 12236K, reserved 1048576K
}

